LLLL
LLLI
LLLY
LLLQ
LLLO
LLIL
LLII
LLIY
LLIQ
LLIO
LLYL
LLYI
LLYY
LLYQ
LLYO
LLQL
LLQI
LLQY
LLQQ
LLQO
LLOL
LLOI
LLOY
LLOQ
LLOO
LILL
LILI
LILY
LILQ
LILO
LIIL
LIII
LIIY
LIIQ
LIIO
LIYL
LIYI
LIYY
LIYQ
LIYO
LIQL
LIQI
LIQY
LIQQ
LIQO
LIOL
LIOI
LIOY
LIOQ
LIOO
LYLL
LYLI
LYLY
LYLQ
LYLO
LYIL
LYII
LYIY
LYIQ
LYIO
LYYL
LYYI
LYYY
LYYQ
LYYO
LYQL
LYQI
LYQY
LYQQ
LYQO
LYOL
LYOI
LYOY
LYOQ
LYOO
LQLL
LQLI
LQLY
LQLQ
LQLO
LQIL
LQII
LQIY
LQIQ
LQIO
LQYL
LQYI
LQYY
LQYQ
LQYO
LQQL
LQQI
LQQY
LQQQ
LQQO
LQOL
LQOI
LQOY
LQOQ
LQOO
LOLL
LOLI
LOLY
LOLQ
LOLO
LOIL
LOII
LOIY
LOIQ
LOIO
LOYL
LOYI
LOYY
LOYQ
LOYO
LOQL
LOQI
LOQY
LOQQ
LOQO
LOOL
LOOI
LOOY
LOOQ
LOOO
ILLL
ILLI
ILLY
ILLQ
ILLO
ILIL
ILII
ILIY
ILIQ
ILIO
ILYL
ILYI
ILYY
ILYQ
ILYO
ILQL
ILQI
ILQY
ILQQ
ILQO
ILOL
ILOI
ILOY
ILOQ
ILOO
IILL
IILI
IILY
IILQ
IILO
IIIL
IIII
IIIY
IIIQ
IIIO
IIYL
IIYI
IIYY
IIYQ
IIYO
IIQL
IIQI
IIQY
IIQQ
IIQO
IIOL
IIOI
IIOY
IIOQ
IIOO
IYLL
IYLI
IYLY
IYLQ
IYLO
IYIL
IYII
IYIY
IYIQ
IYIO
IYYL
IYYI
IYYY
IYYQ
IYYO
IYQL
IYQI
IYQY
IYQQ
IYQO
IYOL
IYOI
IYOY
IYOQ
IYOO
IQLL
IQLI
IQLY
IQLQ
IQLO
IQIL
IQII
IQIY
IQIQ
IQIO
IQYL
IQYI
IQYY
IQYQ
IQYO
IQQL
IQQI
IQQY
IQQQ
IQQO
IQOL
IQOI
IQOY
IQOQ
IQOO
IOLL
IOLI
IOLY
IOLQ
IOLO
IOIL
IOII
IOIY
IOIQ
IOIO
IOYL
IOYI
IOYY
IOYQ
IOYO
IOQL
IOQI
IOQY
IOQQ
IOQO
IOOL
IOOI
IOOY
IOOQ
IOOO
YLLL
YLLI
YLLY
YLLQ
YLLO
YLIL
YLII
YLIY
YLIQ
YLIO
YLYL
YLYI
YLYY
YLYQ
YLYO
YLQL
YLQI
YLQY
YLQQ
YLQO
YLOL
YLOI
YLOY
YLOQ
YLOO
YILL
YILI
YILY
YILQ
YILO
YIIL
YIII
YIIY
YIIQ
YIIO
YIYL
YIYI
YIYY
YIYQ
YIYO
YIQL
YIQI
YIQY
YIQQ
YIQO
YIOL
YIOI
YIOY
YIOQ
YIOO
YYLL
YYLI
YYLY
YYLQ
YYLO
YYIL
YYII
YYIY
YYIQ
YYIO
YYYL
YYYI
YYYY
YYYQ
YYYO
YYQL
YYQI
YYQY
YYQQ
YYQO
YYOL
YYOI
YYOY
YYOQ
YYOO
YQLL
YQLI
YQLY
YQLQ
YQLO
YQIL
YQII
YQIY
YQIQ
YQIO
YQYL
YQYI
YQYY
YQYQ
YQYO
YQQL
YQQI
YQQY
YQQQ
YQQO
YQOL
YQOI
YQOY
YQOQ
YQOO
YOLL
YOLI
YOLY
YOLQ
YOLO
YOIL
YOII
YOIY
YOIQ
YOIO
YOYL
YOYI
YOYY
YOYQ
YOYO
YOQL
YOQI
YOQY
YOQQ
YOQO
YOOL
YOOI
YOOY
YOOQ
YOOO
QLLL
QLLI
QLLY
QLLQ
QLLO
QLIL
QLII
QLIY
QLIQ
QLIO
QLYL
QLYI
QLYY
QLYQ
QLYO
QLQL
QLQI
QLQY
QLQQ
QLQO
QLOL
QLOI
QLOY
QLOQ
QLOO
QILL
QILI
QILY
QILQ
QILO
QIIL
QIII
QIIY
QIIQ
QIIO
QIYL
QIYI
QIYY
QIYQ
QIYO
QIQL
QIQI
QIQY
QIQQ
QIQO
QIOL
QIOI
QIOY
QIOQ
QIOO
QYLL
QYLI
QYLY
QYLQ
QYLO
QYIL
QYII
QYIY
QYIQ
QYIO
QYYL
QYYI
QYYY
QYYQ
QYYO
QYQL
QYQI
QYQY
QYQQ
QYQO
QYOL
QYOI
QYOY
QYOQ
QYOO
QQLL
QQLI
QQLY
QQLQ
QQLO
QQIL
QQII
QQIY
QQIQ
QQIO
QQYL
QQYI
QQYY
QQYQ
QQYO
QQQL
QQQI
QQQY
QQQQ
QQQO
QQOL
QQOI
QQOY
QQOQ
QQOO
QOLL
QOLI
QOLY
QOLQ
QOLO
QOIL
QOII
QOIY
QOIQ
QOIO
QOYL
QOYI
QOYY
QOYQ
QOYO
QOQL
QOQI
QOQY
QOQQ
QOQO
QOOL
QOOI
QOOY
QOOQ
QOOO
OLLL
OLLI
OLLY
OLLQ
OLLO
OLIL
OLII
OLIY
OLIQ
OLIO
OLYL
OLYI
OLYY
OLYQ
OLYO
OLQL
OLQI
OLQY
OLQQ
OLQO
OLOL
OLOI
OLOY
OLOQ
OLOO
OILL
OILI
OILY
OILQ
OILO
OIIL
OIII
OIIY
OIIQ
OIIO
OIYL
OIYI
OIYY
OIYQ
OIYO
OIQL
OIQI
OIQY
OIQQ
OIQO
OIOL
OIOI
OIOY
OIOQ
OIOO
OYLL
OYLI
OYLY
OYLQ
OYLO
OYIL
OYII
OYIY
OYIQ
OYIO
OYYL
OYYI
OYYY
OYYQ
OYYO
OYQL
OYQI
OYQY
OYQQ
OYQO
OYOL
OYOI
OYOY
OYOQ
OYOO
OQLL
OQLI
OQLY
OQLQ
OQLO
OQIL
OQII
OQIY
OQIQ
OQIO
OQYL
OQYI
OQYY
OQYQ
OQYO
OQQL
OQQI
OQQY
OQQQ
OQQO
OQOL
OQOI
OQOY
OQOQ
OQOO
OOLL
OOLI
OOLY
OOLQ
OOLO
OOIL
OOII
OOIY
OOIQ
OOIO
OOYL
OOYI
OOYY
OOYQ
OOYO
OOQL
OOQI
OOQY
OOQQ
OOQO
OOOL
OOOI
OOOY
OOOQ
OOOO
